<?xml version="1.0" encoding="UTF-8"?>
<testsuite xmlns:xsi="http://www.w3.org/2001/XMLSchema-instance" xsi:noNamespaceSchemaLocation="https://maven.apache.org/surefire/maven-surefire-plugin/xsd/surefire-test-report.xsd" name="runner.TestRunner" time="30.131" tests="1" errors="1" skipped="0" failures="0">
  <properties>
[...]
</properties>
  <testcase name="Verify that user is prompt to provide email or phone number when clicking on Buy Now button" classname="Kindle" time="27.396">
    <error message="Tried to run command without establishing a connection&#10;Build info: version: &apos;3.141.59&apos;, revision: &apos;e82be7d358&apos;, time: &apos;2018-11-14T08:17:03&apos;&#10;System info: host: &apos;DESKTOP-N5NJ087&apos;, ip: &apos;192.168.2.19&apos;, os.name: &apos;Windows 10&apos;, os.arch: &apos;amd64&apos;, os.version: &apos;10.0&apos;, java.version: &apos;17.0.1&apos;&#10;Driver info: org.openqa.selenium.firefox.FirefoxDriver&#10;Capabilities {acceptInsecureCerts: true, browserName: firefox, browserVersion: 96.0.3, javascriptEnabled: true, moz:accessibilityChecks: false, moz:buildID: 20220126154723, moz:geckodriverVersion: 0.30.0, moz:headless: false, moz:processID: 23288, moz:profile: C:\Users\Ali\AppData\Local\..., moz:shutdownTimeout: 60000, moz:useNonSpecCompliantPointerOrigin: false, moz:webdriverClick: true, pageLoadStrategy: normal, platform: WINDOWS, platformName: WINDOWS, platformVersion: 10.0, proxy: Proxy(), setWindowRect: true, strictFileInteractability: false, timeouts: {implicit: 0, pageLoad: 300000, script: 30000}, unhandledPromptBehavior: dismiss and notify}&#10;Session ID: e4f8734c-d0b9-4042-a62d-e4dc16705567" type="org.openqa.selenium.NoSuchSessionException">org.openqa.selenium.NoSuchSessionException: 
Tried to run command without establishing a connection
Build info: version: '3.141.59', revision: 'e82be7d358', time: '2018-11-14T08:17:03'
System info: host: 'DESKTOP-N5NJ087', ip: '192.168.2.19', os.name: 'Windows 10', os.arch: 'amd64', os.version: '10.0', java.version: '17.0.1'
Driver info: org.openqa.selenium.firefox.FirefoxDriver
Capabilities {acceptInsecureCerts: true, browserName: firefox, browserVersion: 96.0.3, javascriptEnabled: true, moz:accessibilityChecks: false, moz:buildID: 20220126154723, moz:geckodriverVersion: 0.30.0, moz:headless: false, moz:processID: 23288, moz:profile: C:\Users\Ali\AppData\Local\..., moz:shutdownTimeout: 60000, moz:useNonSpecCompliantPointerOrigin: false, moz:webdriverClick: true, pageLoadStrategy: normal, platform: WINDOWS, platformName: WINDOWS, platformVersion: 10.0, proxy: Proxy(), setWindowRect: true, strictFileInteractability: false, timeouts: {implicit: 0, pageLoad: 300000, script: 30000}, unhandledPromptBehavior: dismiss and notify}
Session ID: e4f8734c-d0b9-4042-a62d-e4dc16705567
</error>
    <system-out><![CDATA[
@testRun
Scenario: Verify that user is prompt to provide email or phone number when clicking on Buy Now button # features/kindle.feature:4
 INFO [main] (Initializer.java:14)- Scenario Verify that user is prompt to provide email or phone number when clicking on Buy Now button started
 INFO [main] (AmazonMenuKindle.java:23)- Actual title is matching with expected title
  Given user is on Amazon website                                                                     # stepDefinition.AmazonMenuKindle.user_is_on_Amazon_website()
 INFO [main] (AmazonMenuKindle.java:31)- User clicked on Humberger menu
  And user click on hamburger menu                                                                    # stepDefinition.AmazonMenuKindle.user_click_on_hamburger_menu()
 INFO [main] (AmazonMenuKindle.java:38)- User clicked on Kindle under Digital Content and Devices in Main menu
  And user select Kindle under Digital Content and Devices                                            # stepDefinition.AmazonMenuKindle.user_select_Kindle_under_Digital_Content_and_Devices()
 INFO [main] (AmazonMenuKindle.java:45)- User clicked on Kindle under Kindle E-Reader sub-menu
  And user click Kindle under Kindle E-Reader                                                         # stepDefinition.AmazonMenuKindle.user_click_Kindle_under_Kindle_E_Reader()
 INFO [main] (AmazonMenuKindle.java:52)- User clicked on Buy Now button
  And user click Buy Now                                                                              # stepDefinition.AmazonMenuKindle.user_click_Buy_Now()
 INFO [main] (AmazonMenuKindle.java:63)- The text E-mail address or mobile phone number is present. Actual and expected titles are matched
  Then user should see "E-mail address or mobile phone number" text                                   # stepDefinition.AmazonMenuKindle.user_should_see_text(java.lang.String)
      org.openqa.selenium.NoSuchSessionException: Tried to run command without establishing a connection
Build info: version: '3.141.59', revision: 'e82be7d358', time: '2018-11-14T08:17:03'
System info: host: 'DESKTOP-N5NJ087', ip: '192.168.2.19', os.name: 'Windows 10', os.arch: 'amd64', os.version: '10.0', java.version: '17.0.1'
Driver info: org.openqa.selenium.firefox.FirefoxDriver
Capabilities {acceptInsecureCerts: true, browserName: firefox, browserVersion: 96.0.3, javascriptEnabled: true, moz:accessibilityChecks: false, moz:buildID: 20220126154723, moz:geckodriverVersion: 0.30.0, moz:headless: false, moz:processID: 23288, moz:profile: C:\Users\Ali\AppData\Local\..., moz:shutdownTimeout: 60000, moz:useNonSpecCompliantPointerOrigin: false, moz:webdriverClick: true, pageLoadStrategy: normal, platform: WINDOWS, platformName: WINDOWS, platformVersion: 10.0, proxy: Proxy(), setWindowRect: true, strictFileInteractability: false, timeouts: {implicit: 0, pageLoad: 300000, script: 30000}, unhandledPromptBehavior: dismiss and notify}
Session ID: e4f8734c-d0b9-4042-a62d-e4dc16705567
	at java.base/jdk.internal.reflect.NativeConstructorAccessorImpl.newInstance0(Native Method)
	at java.base/jdk.internal.reflect.NativeConstructorAccessorImpl.newInstance(NativeConstructorAccessorImpl.java:77)
	at java.base/jdk.internal.reflect.DelegatingConstructorAccessorImpl.newInstance(DelegatingConstructorAccessorImpl.java:45)
	at java.base/java.lang.reflect.Constructor.newInstanceWithCaller(Constructor.java:499)
	at java.base/java.lang.reflect.Constructor.newInstance(Constructor.java:480)
	at org.openqa.selenium.remote.http.W3CHttpResponseCodec.createException(W3CHttpResponseCodec.java:187)
	at org.openqa.selenium.remote.http.W3CHttpResponseCodec.decode(W3CHttpResponseCodec.java:122)
	at org.openqa.selenium.remote.http.W3CHttpResponseCodec.decode(W3CHttpResponseCodec.java:49)
	at org.openqa.selenium.remote.HttpCommandExecutor.execute(HttpCommandExecutor.java:158)
	at org.openqa.selenium.remote.service.DriverCommandExecutor.execute(DriverCommandExecutor.java:83)
	at org.openqa.selenium.remote.RemoteWebDriver.execute(RemoteWebDriver.java:552)
	at org.openqa.selenium.remote.RemoteWebDriver.execute(RemoteWebDriver.java:609)
	at org.openqa.selenium.remote.RemoteWebDriver.quit(RemoteWebDriver.java:452)
	at core.Base.tearDown(Base.java:68)
	at stepDefinition.Initializer.AfterHooks(Initializer.java:22)

]]></system-out>
    <system-err><![CDATA[SLF4J: Failed to load class "org.slf4j.impl.StaticLoggerBinder".
SLF4J: Defaulting to no-operation (NOP) logger implementation
SLF4J: See http://www.slf4j.org/codes.html#StaticLoggerBinder for further details.
1644007167699	geckodriver	INFO	Listening on 127.0.0.1:35758
1644007167895	mozrunner::runner	INFO	Running command: "C:\\Program Files\\Mozilla Firefox\\firefox.exe" "--marionette" "-no-remote" "-profile" "C:\\Users\\Ali\\AppData\\Local\\Temp\\rust_mozprofilend53mP"
1644007168219	Marionette	INFO	Marionette enabled
console.warn: SearchSettings: "get: No settings file exists, new profile?" (new NotFoundError("Could not open the file at C:\\Users\\Ali\\AppData\\Local\\Temp\\rust_mozprofilend53mP\\search.json.mozlz4", (void 0)))
1644007170124	Marionette	INFO	Listening on port 64228
1644007170557	RemoteAgent	WARN	TLS certificate errors will be ignored for this session
Feb 04, 2022 3:39:30 PM org.openqa.selenium.remote.ProtocolHandshake createSession
INFO: Detected dialect: W3C
JavaScript warning: https://www.amazon.ca/ line 7 > injectedScript, line 1: WEBGL_debug_renderer_info is deprecated in Firefox and will be removed. Please use RENDERER.
[Child 21816, MediaDecoderStateMachine #1] WARNING: 1fce1397660 Could not set cubeb stream name.: file /builds/worker/checkouts/gecko/dom/media/AudioStream.cpp:367
[Child 21816, MediaDecoderStateMachine #1] WARNING: 1fce0d593c0 Could not set cubeb stream name.: file /builds/worker/checkouts/gecko/dom/media/AudioStream.cpp:367
[Child 21816, MediaDecoderStateMachine #1] WARNING: 1fcd7849040 Could not set cubeb stream name.: file /builds/worker/checkouts/gecko/dom/media/AudioStream.cpp:367
[Child 21816, MediaDecoderStateMachine #1] WARNING: 1fcd99fb740 Could not set cubeb stream name.: file /builds/worker/checkouts/gecko/dom/media/AudioStream.cpp:367
JavaScript warning: https://www.amazon.ca/dp/B07FQ4XCR1?ref_=nav_em__k_kp_jae_0_2_4_2 line 7 > injectedScript, line 1: WEBGL_debug_renderer_info is deprecated in Firefox and will be removed. Please use RENDERER.
console.warn: LoginRecipes: "getRecipes: falling back to a synchronous message for:" "https://www.amazon.ca"
JavaScript warning: https://www.amazon.ca/ap/signin?_encoding=UTF8&openid.assoc_handle=amazon_checkout_ca&openid.claimed_id=http%3A%2F%2Fspecs.openid.net%2Fauth%2F2.0%2Fidentifier_select&openid.identity=http%3A%2F%2Fspecs.openid.net%2Fauth%2F2.0%2Fidentifier_select&openid.mode=checkid_setup&openid.ns=http%3A%2F%2Fspecs.openid.net%2Fauth%2F2.0&openid.ns.pape=http%3A%2F%2Fspecs.openid.net%2Fextensions%2Fpape%2F1.0&openid.pape.max_auth_age=0&openid.return_to=https%3A%2F%2Fwww.amazon.ca%2Fgp%2Fcheckoutportal%2Fenter-checkout.html%3Fie%3DUTF8%26asin%3DB07FQ4XCR1%26buyNow%3D1%26cartCustomerID%3D0%26custom-name.1.1%3DisDevicePreRegistered%26custom-value.1.1%3Dtrue%26fromSignIn%3D1%26fulfillmentType%3D%26isBuyBack%3D%26isGift%3D0%26offeringID%3DYYGOKgGUXxANTX7DD5F5%25252FwxKOKQRziHZq4qaZEz2a3%25252F47jz5loW8TrxO03PyRinfboyhhJIhbXHV6QRQfy1uHw6DJz2y721YpJTwmyTf2nX%25252F7uUKkU90dZ5zMCNolfKMVW2l6HIO3%25252BE%25253D%26pickupAddressId%3D%26pickupStoreChainId%3D%26pickupStoreChainOwnerId%3D%26purchaseInputs%3DHASH%25280x8888c0cc%2529%26quantity%3D1%26sessionID%3D142-0503864-2362312&pageId=amazon_checkout_ca&showRmrMe=0&siteState=IMBMsgs.&suppressSignInRadioButtons=0 line 7 > injectedScript, line 1: WEBGL_debug_renderer_info is deprecated in Firefox and will be removed. Please use RENDERER.
JavaScript warning: https://images-na.ssl-images-amazon.com/images/I/81UNYn554pL.js?AUIClients/FWCIMAssets, line 289: WEBGL_debug_renderer_info is deprecated in Firefox and will be removed. Please use RENDERER.
1644007191429	Marionette	INFO	Stopped listening on port 64228
]]></system-err>
  </testcase>
</testsuite>